2025-11-22 08:21:35 | SAVE ERROR | SQLSTATE[42S02]: Base table or view not found: 1146 Table 'vocabulary_db.chat_history' doesn't exist
2025-11-22 08:21:56 | HTTP 403 | {
  "error": {
    "code": 403,
    "message": "Your API key was reported as leaked. Please use another API key.",
    "status": "PERMISSION_DENIED"
  }
}

2025-11-22 08:24:03 | SAVE ERROR | SQLSTATE[42S02]: Base table or view not found: 1146 Table 'vocabulary_db.chat_history' doesn't exist
2025-11-22 08:24:16 | SAVE ERROR | SQLSTATE[42S02]: Base table or view not found: 1146 Table 'vocabulary_db.chat_history' doesn't exist
2025-11-22 08:25:03 | SAVE ERROR | SQLSTATE[42S02]: Base table or view not found: 1146 Table 'vocabulary_db.chat_history' doesn't exist
2025-11-23 08:11:33 | HTTP 403 | {
  "error": {
    "code": 403,
    "message": "Your API key was reported as leaked. Please use another API key.",
    "status": "PERMISSION_DENIED"
  }
}

2025-11-23 08:48:09 | HTTP 403 | {
  "error": {
    "code": 403,
    "message": "Your API key was reported as leaked. Please use another API key.",
    "status": "PERMISSION_DENIED"
  }
}

2025-11-23 10:40:44 | HTTP 403 | {
  "error": {
    "code": 403,
    "message": "Your API key was reported as leaked. Please use another API key.",
    "status": "PERMISSION_DENIED"
  }
}

